<?xml version="1.0" encoding="UTF-8"?>
<!-- Generated by org.testng.reporters.JUnitXMLReporter -->
<testsuite ignored="0" hostname="DESKTOP-Q8CTQTS" failures="1" tests="9" name="Test" time="99.948" errors="0" timestamp="02 Mar 2024 02:20:12 GMT">
  <testcase classname="com.facebook.qa.testcases.FLoginPageTest" name="loginPageTitleTest" time="0.017"/>
  <testcase classname="com.facebook.qa.testcases.HomePageTest" name="verifyHomePageTitleTest" time="0.006">
    <failure type="java.lang.AssertionError" message="Home page title not matched expected [Facebook] but found [(1) Facebook]">
      <![CDATA[java.lang.AssertionError: Home page title not matched expected [Facebook] but found [(1) Facebook]
	at com.facebook.qa.testcases.HomePageTest.verifyHomePageTitleTest(HomePageTest.java:38)
... Removed 30 stack frames]]>
    </failure>
  </testcase> <!-- verifyHomePageTitleTest -->
  <testcase classname="com.facebook.qa.testcases.FriendsPageTest" name="friendsPageTitleTest" time="0.006"/>
  <testcase classname="com.facebook.qa.testcases.FLoginPageTest" name="facebookLogoImageTest" time="0.054"/>
  <testcase classname="com.facebook.qa.testcases.HomePageTest" name="verifyUserNameTest" time="0.141"/>
  <testcase classname="com.facebook.qa.testcases.FriendsPageTest" name="verifyfriendslabelTest" time="0.106"/>
  <testcase classname="com.facebook.qa.testcases.FLoginPageTest" name="loginTest" time="0.146"/>
  <testcase classname="com.facebook.qa.testcases.HomePageTest" name="verifyFriendsLinkTest" time="0.589"/>
  <testcase classname="com.facebook.qa.testcases.FriendsPageTest" name="verifysearchboxlink" time="0.051"/>
</testsuite> <!-- Test -->
